1 Physical GPUs, 1 Logical GPUs
Layer-level Accuracy:  0.6236465055233512
Layer-level F1 Macro Score:  0.6129999709720889

Claases :
0: Benign         1: Cavity       2: Filament Speed      3: Filament State           4: Fan Speed         5: Bed Temperature       6: Nozzle Temperature     7: Z-Profile
------------------------------------
Layer-level Confusion Matrix:
 Macro Layer-level Accuracy:  0.6236465055233512
Macro Layer-level Precision:  0.6282021976866219
Macro Layer-level Recall:  0.6520177688174812
Macro Layer-level F1 Score:  0.6129999709720889
[[4733    2   13   22   89    0   11 2715]
 [   1  146   12   22    0    0    0    0]
 [   0    2  118   68    0    0    0    1]
 [  95    2  116   24    0    0    0    1]
 [   1    3    0    4  160    1    0   13]
 [   0    0    0    0    3  252    0    0]
 [   4    2    5    3    0   13  139    5]
 [ 207    0    0    0    5    0    0  130]]
Layer-level Per-Class Accuracy:  {0: 0.6239947264337509, 1: 0.8066298342541437, 2: 0.6243386243386243, 3: 0.10084033613445378, 4: 0.8791208791208791, 5: 0.9882352941176471, 6: 0.8128654970760234, 7: 0.38011695906432746}
Layer-level Per-Class Precision:  [0.938901011704027, 0.9299363057324841, 0.44696969696969696, 0.16783216783216784, 0.622568093385214, 0.9473684210526315, 0.9266666666666666, 0.04537521815008726]
Layer-level Per-Class Recall:  [0.6239947264337509, 0.8066298342541437, 0.6243386243386243, 0.10084033613445378, 0.8791208791208791, 0.9882352941176471, 0.8128654970760234, 0.38011695906432746]
Layer-level Per-Class F1 Score:  [0.7497227942341201, 0.863905325443787, 0.5209713024282561, 0.12598425196850396, 0.7289293849658315, 0.9673704414587332, 0.866043613707165, 0.08107265357031493]
******************************************************************************************************************************
Model: "sequential"
_________________________________________________________________
 Layer (type)                Output Shape              Param #   
=================================================================
 bidirectional (Bidirection  (None, 9799, 512)         414720    
 al)                                                             
                                                                 
 dropout (Dropout)           (None, 9799, 512)         0         
                                                                 
 bidirectional_1 (Bidirecti  (None, 9799, 256)         493056    
 onal)                                                           
                                                                 
 dropout_1 (Dropout)         (None, 9799, 256)         0         
                                                                 
 bidirectional_2 (Bidirecti  (None, 9799, 256)         296448    
 onal)                                                           
                                                                 
 dropout_2 (Dropout)         (None, 9799, 256)         0         
                                                                 
 bidirectional_3 (Bidirecti  (None, 9799, 256)         296448    
 onal)                                                           
                                                                 
 dropout_3 (Dropout)         (None, 9799, 256)         0         
                                                                 
 attention_layer (Attention  (None, 256)               65536     
 Layer)                                                          
                                                                 
 dense (Dense)               (None, 8)                 2056      
                                                                 
=================================================================
Total params: 1568264 (5.98 MB)
Trainable params: 1568264 (5.98 MB)
Non-trainable params: 0 (0.00 Byte)