1 Physical GPUs, 1 Logical GPUs
Layer-level Accuracy:  0.6422399650005469
Layer-level F1 Macro Score:  0.6444438596739002

Claases :
0: Benign         1: Cavity       2: Filament Speed      3: Filament State           4: Fan Speed         5: Bed Temperature       6: Nozzle Temperature     7: Z-Profile
------------------------------------
Layer-level Confusion Matrix:
 Macro Layer-level Accuracy:  0.6422399650005469
Macro Layer-level Precision:  0.6722981282621696
Macro Layer-level Recall:  0.6911501836954218
Macro Layer-level F1 Score:  0.6444438596739002
[[4851    3    0    0    9    1    1 2720]
 [   0  169    0   12    0    0    0    0]
 [   1   20  128   23    0    0   17    0]
 [   0    0  216   22    0    0    0    0]
 [   0    0    0    0  176    0    0    6]
 [   1    0    0    0    0  252    2    0]
 [   0    2    0    0   17    0  147    5]
 [ 215    0    0    0    0    0    0  127]]
Layer-level Per-Class Accuracy:  {0: 0.63955174686882, 1: 0.9337016574585635, 2: 0.6772486772486772, 3: 0.09243697478991597, 4: 0.967032967032967, 5: 0.9882352941176471, 6: 0.8596491228070176, 7: 0.3713450292397661}
Layer-level Per-Class Precision:  [0.9571823204419889, 0.8711340206185567, 0.37209302325581395, 0.38596491228070173, 0.8712871287128713, 0.9960474308300395, 0.8802395209580839, 0.04443666899930021]
Layer-level Per-Class Recall:  [0.63955174686882, 0.9337016574585635, 0.6772486772486772, 0.09243697478991597, 0.967032967032967, 0.9882352941176471, 0.8596491228070176, 0.3713450292397661]
Layer-level Per-Class F1 Score:  [0.76677467794199, 0.9013333333333332, 0.48030018761726084, 0.14915254237288136, 0.9166666666666667, 0.9921259842519685, 0.8698224852071007, 0.079375]
******************************************************************************************************************************
Model: "sequential"
┏━━━━━━━━━━━━━━━━━━━━━━━━━━━━━━━━━┳━━━━━━━━━━━━━━━━━━━━━━━━┳━━━━━━━━━━━━━━━┓
┃ Layer (type)                    ┃ Output Shape           ┃       Param # ┃
┡━━━━━━━━━━━━━━━━━━━━━━━━━━━━━━━━━╇━━━━━━━━━━━━━━━━━━━━━━━━╇━━━━━━━━━━━━━━━┩
│ bidirectional (Bidirectional)   │ (None, 9799, 512)      │       550,912 │
├─────────────────────────────────┼────────────────────────┼───────────────┤
│ dropout (Dropout)               │ (None, 9799, 512)      │             0 │
├─────────────────────────────────┼────────────────────────┼───────────────┤
│ bidirectional_1 (Bidirectional) │ (None, 9799, 256)      │       656,384 │
├─────────────────────────────────┼────────────────────────┼───────────────┤
│ dropout_1 (Dropout)             │ (None, 9799, 256)      │             0 │
├─────────────────────────────────┼────────────────────────┼───────────────┤
│ bidirectional_2 (Bidirectional) │ (None, 9799, 256)      │       394,240 │
├─────────────────────────────────┼────────────────────────┼───────────────┤
│ dropout_2 (Dropout)             │ (None, 9799, 256)      │             0 │
├─────────────────────────────────┼────────────────────────┼───────────────┤
│ bidirectional_3 (Bidirectional) │ (None, 9799, 256)      │       394,240 │
├─────────────────────────────────┼────────────────────────┼───────────────┤
│ dropout_3 (Dropout)             │ (None, 9799, 256)      │             0 │
├─────────────────────────────────┼────────────────────────┼───────────────┤
│ attention_layer                 │ (None, 256)            │        65,536 │
│ (AttentionLayer)                │                        │               │
├─────────────────────────────────┼────────────────────────┼───────────────┤
│ dense (Dense)                   │ (None, 8)              │         2,056 │
└─────────────────────────────────┴────────────────────────┴───────────────┘
 Total params: 2,063,371 (7.87 MB)
 Trainable params: 2,063,368 (7.87 MB)
 Non-trainable params: 0 (0.00 B)
 Optimizer params: 3 (16.00 B)