1 Physical GPUs, 1 Logical GPUs
Layer-level Accuracy:  0.918845018046593
Layer-level F1 Macro Score:  0.7625655236975

Claases :
0: Benign         1: Cavity       2: Filament Speed      3: Filament State           4: Fan Speed         5: Bed Temperature       6: Nozzle Temperature     7: Z-Profile
------------------------------------
Layer-level Confusion Matrix:
 Macro Layer-level Accuracy:  0.918845018046593
Macro Layer-level Precision:  0.7798045289363702
Macro Layer-level Recall:  0.7517155646912876
Macro Layer-level F1 Score:  0.7625655236975
[[7386    2    0    0    0    0    0  197]
 [   0  181    0    0    0    0    0    0]
 [   0   11  143   35    0    0    0    0]
 [  38    0   68  130    0    0    2    0]
 [   9    1    1   12  159    0    0    0]
 [   1    0    0    0    1  253    0    0]
 [  15    1    1    0    0    5  149    0]
 [ 342    0    0    0    0    0    0    0]]
Layer-level Per-Class Accuracy:  {0: 0.9737640079103493, 1: 1.0, 2: 0.7566137566137566, 3: 0.5462184873949579, 4: 0.8736263736263736, 5: 0.9921568627450981, 6: 0.8713450292397661, 7: 0.0}
Layer-level Per-Class Precision:  [0.948016942626107, 0.923469387755102, 0.6713615023474179, 0.7344632768361582, 0.99375, 0.9806201550387597, 0.9867549668874173, 0.0]
Layer-level Per-Class Recall:  [0.9737640079103493, 1.0, 0.7566137566137566, 0.5462184873949579, 0.8736263736263736, 0.9921568627450981, 0.8713450292397661, 0.0]
Layer-level Per-Class F1 Score:  [0.9607180020811654, 0.9602122015915119, 0.7114427860696517, 0.6265060240963856, 0.9298245614035088, 0.9863547758284601, 0.9254658385093169, 0]
******************************************************************************************************************************
Model: "sequential"
_________________________________________________________________
Layer (type)                 Output Shape              Param #   
=================================================================
bidirectional (Bidirectional (None, 9799, 512)         550912    
_________________________________________________________________
dropout (Dropout)            (None, 9799, 512)         0         
_________________________________________________________________
bidirectional_1 (Bidirection (None, 9799, 256)         656384    
_________________________________________________________________
dropout_1 (Dropout)          (None, 9799, 256)         0         
_________________________________________________________________
bidirectional_2 (Bidirection (None, 9799, 256)         394240    
_________________________________________________________________
dropout_2 (Dropout)          (None, 9799, 256)         0         
_________________________________________________________________
bidirectional_3 (Bidirection (None, 9799, 256)         394240    
_________________________________________________________________
dropout_3 (Dropout)          (None, 9799, 256)         0         
_________________________________________________________________
attention_layer (AttentionLa (None, 256)               65536     
_________________________________________________________________
dense (Dense)                (None, 8)                 2056      
=================================================================
Total params: 2,063,368
Trainable params: 2,063,368
Non-trainable params: 0