1 Physical GPUs, 1 Logical GPUs
Layer-level Accuracy:  0.9050451407328731
Layer-level F1 Macro Score:  0.7202690838269036

Claases :
0: Benign         1: Cavity       2: Filament Speed      3: Filament State           4: Fan Speed         5: Bed Temperature       6: Nozzle Temperature     7: Z-Profile
------------------------------------
Layer-level Confusion Matrix:
Macro Layer-level Accuracy:  0.9050451407328731
Macro Layer-level Precision:  0.7407122234938504
Macro Layer-level Recall:  0.7565536442388974
Macro Layer-level F1 Score:  0.7202690838269036
[[7501    2    0    0  101    0   16  237]
 [   0  181    0    0    0    0    0    0]
 [   0    3  177    0    0    0    9    0]
 [   0    0  146   92    0    0    0    0]
 [   4    0    0    0  168    0    0   10]
 [   1    0    0    0   10  244    0    0]
 [   7    1    0    0    6    5  148    4]
 [ 327    0    0    0    5    0    0   10]]
Layer-level Per-Class Accuracy:  {0: 0.9546900852742777, 1: 1.0, 2: 0.9365079365079365, 3: 0.3865546218487395, 4: 0.9230769230769231, 5: 0.9568627450980393, 6: 0.8654970760233918, 7: 0.029239766081871343}
Layer-level Per-Class Precision:  [0.9567602040816326, 0.9679144385026738, 0.5479876160990712, 1.0, 0.5793103448275863, 0.9799196787148594, 0.8554913294797688, 0.038314176245210725]
Layer-level Per-Class Recall:  [0.9546900852742777, 1.0, 0.9365079365079365, 0.3865546218487395, 0.9230769230769231, 0.9568627450980393, 0.8654970760233918, 0.029239766081871343]
Layer-level Per-Class F1 Score:  [0.955724023698796, 0.9836956521739131, 0.6914062500000001, 0.5575757575757576, 0.711864406779661, 0.9682539682539684, 0.8604651162790697, 0.03316749585406302]
******************************************************************************************************************************
Model: "sequential"
┏━━━━━━━━━━━━━━━━━━━━━━━━━━━━━━━━━┳━━━━━━━━━━━━━━━━━━━━━━━━┳━━━━━━━━━━━━━━━┓
┃ Layer (type)                    ┃ Output Shape           ┃       Param # ┃
┡━━━━━━━━━━━━━━━━━━━━━━━━━━━━━━━━━╇━━━━━━━━━━━━━━━━━━━━━━━━╇━━━━━━━━━━━━━━━┩
│ bidirectional (Bidirectional)   │ (None, 9865, 512)      │       550,912 │
├─────────────────────────────────┼────────────────────────┼───────────────┤
│ dropout (Dropout)               │ (None, 9865, 512)      │             0 │
├─────────────────────────────────┼────────────────────────┼───────────────┤
│ bidirectional_1 (Bidirectional) │ (None, 9865, 256)      │       656,384 │
├─────────────────────────────────┼────────────────────────┼───────────────┤
│ dropout_1 (Dropout)             │ (None, 9865, 256)      │             0 │
├─────────────────────────────────┼────────────────────────┼───────────────┤
│ bidirectional_2 (Bidirectional) │ (None, 9865, 256)      │       394,240 │
├─────────────────────────────────┼────────────────────────┼───────────────┤
│ dropout_2 (Dropout)             │ (None, 9865, 256)      │             0 │
├─────────────────────────────────┼────────────────────────┼───────────────┤
│ bidirectional_3 (Bidirectional) │ (None, 9865, 256)      │       394,240 │
├─────────────────────────────────┼────────────────────────┼───────────────┤
│ dropout_3 (Dropout)             │ (None, 9865, 256)      │             0 │
├─────────────────────────────────┼────────────────────────┼───────────────┤
│ attention_layer                 │ (None, 256)            │        65,536 │
│ (AttentionLayer)                │                        │               │
├─────────────────────────────────┼────────────────────────┼───────────────┤
│ dense (Dense)                   │ (None, 8)              │         2,056 │
└─────────────────────────────────┴────────────────────────┴───────────────┘
 Total params: 2,063,371 (7.87 MB)
 Trainable params: 2,063,368 (7.87 MB)
 Non-trainable params: 0 (0.00 B)
 Optimizer params: 3 (16.00 B)