1 Physical GPUs, 1 Logical GPUs
Layer-level Accuracy:  0.5824127748003938
Layer-level F1 Macro Score:  0.5305193542744902

Claases :
0: Benign         1: Cavity       2: Filament Speed      3: Filament State           4: Fan Speed         5: Bed Temperature       6: Nozzle Temperature     7: Z-Profile
------------------------------------
Layer-level Confusion Matrix:
 Macro Layer-level Accuracy:  0.5824127748003938
Macro Layer-level Precision:  0.5387586408838764
Macro Layer-level Recall:  0.6944461573599379
Macro Layer-level F1 Score:  0.5305193542744902
[[4280  728    0   31  629   73    3 1841]
 [   0  177    4    0    0    0    0    0]
 [   3   16   62  108    0    0    0    0]
 [   0    5   17  200    1    0    8    7]
 [   1   11    0    0  154    3   10    3]
 [   0    1    0    0    6  248    0    0]
 [   0    9    1    0   10    0  147    4]
 [ 254   18    0    0   11    2    0   57]]
Layer-level Per-Class Accuracy:  {0: 0.5642715886618326, 1: 0.9779005524861878, 2: 0.328042328042328, 3: 0.8403361344537815, 4: 0.8461538461538461, 5: 0.9725490196078431, 6: 0.8596491228070176, 7: 0.16666666666666666}
Layer-level Per-Class Precision:  [0.9431467606875276, 0.18341968911917098, 0.7380952380952381, 0.5899705014749262, 0.18988902589395806, 0.7607361963190185, 0.875, 0.02981171548117155]
Layer-level Per-Class Recall:  [0.5642715886618326, 0.9779005524861878, 0.328042328042328, 0.8403361344537815, 0.8461538461538461, 0.9725490196078431, 0.8596491228070176, 0.16666666666666666]
Layer-level Per-Class F1 Score:  [0.706095850861998, 0.3089005235602094, 0.45421245421245426, 0.6932409012131716, 0.31017119838872104, 0.8537005163511187, 0.8672566371681416, 0.05057675244010648]
******************************************************************************************************************************
Model: "sequential"
┏━━━━━━━━━━━━━━━━━━━━━━━━━━━━━━━━━┳━━━━━━━━━━━━━━━━━━━━━━━━┳━━━━━━━━━━━━━━━┓
┃ Layer (type)                    ┃ Output Shape           ┃       Param # ┃
┡━━━━━━━━━━━━━━━━━━━━━━━━━━━━━━━━━╇━━━━━━━━━━━━━━━━━━━━━━━━╇━━━━━━━━━━━━━━━┩
│ bidirectional (Bidirectional)   │ (None, 9865, 512)      │       550,912 │
├─────────────────────────────────┼────────────────────────┼───────────────┤
│ dropout (Dropout)               │ (None, 9865, 512)      │             0 │
├─────────────────────────────────┼────────────────────────┼───────────────┤
│ bidirectional_1 (Bidirectional) │ (None, 9865, 256)      │       656,384 │
├─────────────────────────────────┼────────────────────────┼───────────────┤
│ dropout_1 (Dropout)             │ (None, 9865, 256)      │             0 │
├─────────────────────────────────┼────────────────────────┼───────────────┤
│ bidirectional_2 (Bidirectional) │ (None, 9865, 256)      │       394,240 │
├─────────────────────────────────┼────────────────────────┼───────────────┤
│ dropout_2 (Dropout)             │ (None, 9865, 256)      │             0 │
├─────────────────────────────────┼────────────────────────┼───────────────┤
│ bidirectional_3 (Bidirectional) │ (None, 9865, 256)      │       394,240 │
├─────────────────────────────────┼────────────────────────┼───────────────┤
│ dropout_3 (Dropout)             │ (None, 9865, 256)      │             0 │
├─────────────────────────────────┼────────────────────────┼───────────────┤
│ attention_layer                 │ (None, 256)            │        65,536 │
│ (AttentionLayer)                │                        │               │
├─────────────────────────────────┼────────────────────────┼───────────────┤
│ dense (Dense)                   │ (None, 8)              │         2,056 │
└─────────────────────────────────┴────────────────────────┴───────────────┘
 Total params: 2,063,371 (7.87 MB)
 Trainable params: 2,063,368 (7.87 MB)
 Non-trainable params: 0 (0.00 B)
 Optimizer params: 3 (16.00 B)