1 Physical GPUs, 1 Logical GPUs
Layer-level Accuracy:  0.9273761347478946
Layer-level F1 Macro Score:  0.7779585987450437

Claases :
0: Benign         1: Cavity       2: Filament Speed      3: Filament State           4: Fan Speed         5: Bed Temperature       6: Nozzle Temperature     7: Z-Profile
------------------------------------
Layer-level Confusion Matrix:

 Macro Layer-level Accuracy:  0.9273761347478946
Macro Layer-level Precision:  0.8172527463462627
Macro Layer-level Recall:  0.7602920000140485
Macro Layer-level F1 Score:  0.7779585987450437
[[7435    2    0    0    2   13    0  133]
 [  12  169    0    0    0    0    0    0]
 [   0    5  104   80    0    0    0    0]
 [  11    0    0  227    0    0    0    0]
 [  30    0    0    0  149    0    0    3]
 [   9    0    0    0    0  241    2    3]
 [  10    0    0    0    5    0  154    2]
 [ 342    0    0    0    0    0    0    0]]
Layer-level Per-Class Accuracy:  {0: 0.98022412656559, 1: 0.9337016574585635, 2: 0.5502645502645502, 3: 0.9537815126050421, 4: 0.8186813186813187, 5: 0.9450980392156862, 6: 0.9005847953216374, 7: 0.0}
Layer-level Per-Class Precision:  [0.9472544273155816, 0.9602272727272727, 1.0, 0.739413680781759, 0.9551282051282052, 0.9488188976377953, 0.9871794871794872, 0.0]
Layer-level Per-Class Recall:  [0.98022412656559, 0.9337016574585635, 0.5502645502645502, 0.9537815126050421, 0.8186813186813187, 0.9450980392156862, 0.9005847953216374, 0.0]
Layer-level Per-Class F1 Score:  [0.9634573020603862, 0.9467787114845938, 0.7098976109215017, 0.8330275229357798, 0.8816568047337279, 0.9469548133595286, 0.9418960244648319, 0]
******************************************************************************************************************************
Model: "sequential"
_________________________________________________________________
Layer (type)                 Output Shape              Param #   
=================================================================
bidirectional (Bidirectional (None, 9799, 512)         550912    
_________________________________________________________________
dropout (Dropout)            (None, 9799, 512)         0         
_________________________________________________________________
bidirectional_1 (Bidirection (None, 9799, 256)         656384    
_________________________________________________________________
dropout_1 (Dropout)          (None, 9799, 256)         0         
_________________________________________________________________
bidirectional_2 (Bidirection (None, 9799, 256)         394240    
_________________________________________________________________
dropout_2 (Dropout)          (None, 9799, 256)         0         
_________________________________________________________________
bidirectional_3 (Bidirection (None, 9799, 256)         394240    
_________________________________________________________________
dropout_3 (Dropout)          (None, 9799, 256)         0         
_________________________________________________________________
attention_layer (AttentionLa (None, 256)               65536     
_________________________________________________________________
dense (Dense)                (None, 8)                 2056      
=================================================================
Total params: 2,063,368
Trainable params: 2,063,368
Non-trainable params: 0
