1 Physical GPUs, 1 Logical GPUs
Layer-level Accuracy:  0.7869408290495461
Layer-level F1 Macro Score:  0.6839059218925607

Claases :
0: Benign         1: Cavity       2: Filament Speed      3: Filament State           4: Fan Speed         5: Bed Temperature       6: Nozzle Temperature     7: Z-Profile
------------------------------------
Layer-level Confusion Matrix:
 Macro Layer-level Accuracy:  0.7869408290495461
Macro Layer-level Precision:  0.6991451678164009
Macro Layer-level Recall:  0.6896865112061885
Macro Layer-level F1 Score:  0.6839059218925607
[[6243   14   18    0   12    0   35 1310]
 [   0  181    0    0    0    0    0    0]
 [   0    0   63   78    0    0    0    1]
 [  48   48    8  130    0    3    0    1]
 [   7    7    1    0  159    6    2    0]
 [  12    0    0    0    0  243    0    0]
 [  18    7    9    2    1    0  126    8]
 [ 290    1    0    0    1    0    0   50]]
Layer-level Per-Class Accuracy:  {0: 0.8180031446540881, 1: 1.0, 2: 0.44366197183098594, 3: 0.5462184873949579, 4: 0.8736263736263736, 5: 0.9529411764705882, 6: 0.7368421052631579, 7: 0.14619883040935672}
Layer-level Per-Class Precision:  [0.943336355394379, 0.7015503875968992, 0.6363636363636364, 0.6190476190476191, 0.9190751445086706, 0.9642857142857143, 0.7730061349693251, 0.0364963503649635]
Layer-level Per-Class Recall:  [0.8180031446540881, 1.0, 0.44366197183098594, 0.5462184873949579, 0.8736263736263736, 0.9529411764705882, 0.7368421052631579, 0.14619883040935672]
Layer-level Per-Class F1 Score:  [0.8762105263157894, 0.8246013667425969, 0.5228215767634855, 0.5803571428571429, 0.8957746478873239, 0.9585798816568047, 0.7544910179640718, 0.058411214953271014]
******************************************************************************************************************************
Model: "sequential"
_________________________________________________________________
 Layer (type)                Output Shape              Param #   
=================================================================
 bidirectional (Bidirection  (None, 9799, 512)         548864    
 al)                                                             
                                                                 
 dropout (Dropout)           (None, 9799, 512)         0         
                                                                 
 bidirectional_1 (Bidirecti  (None, 9799, 256)         656384    
 onal)                                                           
                                                                 
 dropout_1 (Dropout)         (None, 9799, 256)         0         
                                                                 
 bidirectional_2 (Bidirecti  (None, 9799, 256)         394240    
 onal)                                                           
                                                                 
 dropout_2 (Dropout)         (None, 9799, 256)         0         
                                                                 
 bidirectional_3 (Bidirecti  (None, 9799, 256)         394240    
 onal)                                                           
                                                                 
 dropout_3 (Dropout)         (None, 9799, 256)         0         
                                                                 
 attention_layer (Attention  (None, 256)               65536     
 Layer)                                                          
                                                                 
 dense (Dense)               (None, 8)                 2056      
                                                                 
=================================================================
Total params: 2061320 (7.86 MB)
Trainable params: 2061320 (7.86 MB)
Non-trainable params: 0 (0.00 Byte)