1 Physical GPUs, 1 Logical GPUs
Layer-level Accuracy:  0.6004593678223777
Layer-level F1 Macro Score:  0.4832617196223016

Claases :
0: Benign         1: Cavity       2: Filament Speed      3: Filament State           4: Fan Speed         5: Bed Temperature       6: Nozzle Temperature     7: Z-Profile
------------------------------------
Layer-level Confusion Matrix:
 Macro Layer-level Accuracy:  0.6004593678223777
Macro Layer-level Precision:  0.4738053731025078
Macro Layer-level Recall:  0.595712079954654
Macro Layer-level F1 Score:  0.4832617196223016
[[4637  336   51  552   27  414    2 1613]
 [  68  105    1    2    0    0    1    4]
 [  15    4   70   52    0    0    0    1]
 [  89    2   47   97    0    1    0    2]
 [   1    1    0    6  154   14    2    4]
 [   1    0    1    0    0  253    0    0]
 [   0    5    3    3   21   26  113    0]
 [ 234    9    1   33    0    4    0   61]]
Layer-level Per-Class Accuracy:  {0: 0.6075733752620545, 1: 0.580110497237569, 2: 0.49295774647887325, 3: 0.40756302521008403, 4: 0.8461538461538461, 5: 0.9921568627450981, 6: 0.6608187134502924, 7: 0.1783625730994152}
Layer-level Per-Class Precision:  [0.9191278493557978, 0.22727272727272727, 0.40229885057471265, 0.13020134228187918, 0.7623762376237624, 0.3553370786516854, 0.9576271186440678, 0.03620178041543027]
Layer-level Per-Class Recall:  [0.6075733752620545, 0.580110497237569, 0.49295774647887325, 0.40756302521008403, 0.8461538461538461, 0.9921568627450981, 0.6608187134502924, 0.1783625730994152]
Layer-level Per-Class F1 Score:  [0.7315610948962687, 0.3265940902021772, 0.44303797468354433, 0.1973550356052899, 0.8020833333333334, 0.5232678386763185, 0.7820069204152249, 0.06018746916625555]
******************************************************************************************************************************
File-level Accuracy:  0.15555555555555556
File-level F1 Macro Score:  0.4282024317401676
----------------------------------
Macro File-level Accuracy:  0.15555555555555556
Macro File-level Precision:  0.4019301470588236
Macro File-level Recall:  0.6791666666666667
Macro File-level F1 Score:  0.4282024317401676
File Confusion Matrix:
[[ 0 10  0 29  1 10  0 94]
 [ 0  5  0  0  0  0  0  0]
 [ 0  0  2  2  0  1  0  0]
 [ 0  1  1  2  0  0  0  1]
 [ 0  0  0  0  5  0  0  0]
 [ 0  0  0  0  0  5  0  0]
 [ 0  0  0  0  0  1  4  0]
 [ 0  0  0  1  0  0  0  5]]
File-level Per-Class Accuracy:  {0: 0.0, 1: 1.0, 2: 0.4, 3: 0.4, 4: 1.0, 5: 1.0, 6: 0.8, 7: 0.8333333333333334}
File-level Per-Class Precision:  [0, 0.3125, 0.6666666666666666, 0.058823529411764705, 0.8333333333333334, 0.29411764705882354, 1.0, 0.05]
File-level Per-Class Recall:  [0.0, 1.0, 0.4, 0.4, 1.0, 1.0, 0.8, 0.8333333333333334]
File-level Per-Class F1 Score:  [0, 0.47619047619047616, 0.5, 0.10256410256410256, 0.9090909090909091, 0.45454545454545453, 0.888888888888889, 0.09433962264150944]
******************************************************************************************************************************
Model: "sequential"
_________________________________________________________________
 Layer (type)                Output Shape              Param #   
=================================================================
 bidirectional (Bidirection  (None, 9799, 512)         548864    
 al)                                                             
                                                                 
 dropout (Dropout)           (None, 9799, 512)         0         
                                                                 
 bidirectional_1 (Bidirecti  (None, 9799, 256)         656384    
 onal)                                                           
                                                                 
 dropout_1 (Dropout)         (None, 9799, 256)         0         
                                                                 
 bidirectional_2 (Bidirecti  (None, 9799, 256)         394240    
 onal)                                                           
                                                                 
 dropout_2 (Dropout)         (None, 9799, 256)         0         
                                                                 
 bidirectional_3 (Bidirecti  (None, 9799, 256)         394240    
 onal)                                                           
                                                                 
 dropout_3 (Dropout)         (None, 9799, 256)         0         
                                                                 
 attention_layer (Attention  (None, 256)               65536     
 Layer)                                                          
                                                                 
 dense (Dense)               (None, 8)                 2056      
                                                                 
=================================================================
Total params: 2061320 (7.86 MB)
Trainable params: 2061320 (7.86 MB)
Non-trainable params: 0 (0.00 Byte)
_________________________________________________________________
{'name': 'sequential', 'layers': [{'module': 'keras.layers', 'class_name': 'InputLayer', 'config': {'batch_input_shape': (None, 9799, 11), 'dtype': 'float32', 'sparse': False, 'ragged': False, 'name': 'bidirectional_input'}, 'registered_name': None}, {'module': 'keras.layers', 'class_name': 'Bidirectional', 'config': {'name': 'bidirectional', 'trainable': True, 'dtype': 'float32', 'layer': {'module': 'keras.layers', 'class_name': 'LSTM', 'config': {'name': 'lstm', 'trainable': True, 'dtype': 'float32', 'batch_input_shape': (None, 9799, 11), 'return_sequences': True, 'return_state': False, 'go_backwards': False, 'stateful': False, 'unroll': False, 'time_major': False, 'units': 256, 'activation': 'tanh', 'recurrent_activation': 'sigmoid', 'use_bias': True, 'kernel_initializer': {'module': 'keras.initializers', 'class_name': 'GlorotUniform', 'config': {'seed': None}, 'registered_name': None}, 'recurrent_initializer': {'module': 'keras.initializers', 'class_name': 'Orthogonal', 'config': {'gain': 1.0, 'seed': None}, 'registered_name': None}, 'bias_initializer': {'module': 'keras.initializers', 'class_name': 'Zeros', 'config': {}, 'registered_name': None}, 'unit_forget_bias': True, 'kernel_regularizer': None, 'recurrent_regularizer': None, 'bias_regularizer': None, 'activity_regularizer': None, 'kernel_constraint': None, 'recurrent_constraint': None, 'bias_constraint': None, 'dropout': 0.0, 'recurrent_dropout': 0.0, 'implementation': 2}, 'registered_name': None}, 'merge_mode': 'concat'}, 'registered_name': None, 'build_config': {'input_shape': (None, 9799, 11)}}, {'module': 'keras.layers', 'class_name': 'Dropout', 'config': {'name': 'dropout', 'trainable': True, 'dtype': 'float32', 'rate': 0.3, 'noise_shape': None, 'seed': None}, 'registered_name': None, 'build_config': {'input_shape': (None, 9799, 512)}}, {'module': 'keras.layers', 'class_name': 'Bidirectional', 'config': {'name': 'bidirectional_1', 'trainable': True, 'dtype': 'float32', 'layer': {'module': 'keras.layers', 'class_name': 'LSTM', 'config': {'name': 'lstm_1', 'trainable': True, 'dtype': 'float32', 'return_sequences': True, 'return_state': False, 'go_backwards': False, 'stateful': False, 'unroll': False, 'time_major': False, 'units': 128, 'activation': 'tanh', 'recurrent_activation': 'sigmoid', 'use_bias': True, 'kernel_initializer': {'module': 'keras.initializers', 'class_name': 'GlorotUniform', 'config': {'seed': None}, 'registered_name': None}, 'recurrent_initializer': {'module': 'keras.initializers', 'class_name': 'Orthogonal', 'config': {'gain': 1.0, 'seed': None}, 'registered_name': None}, 'bias_initializer': {'module': 'keras.initializers', 'class_name': 'Zeros', 'config': {}, 'registered_name': None}, 'unit_forget_bias': True, 'kernel_regularizer': None, 'recurrent_regularizer': None, 'bias_regularizer': None, 'activity_regularizer': None, 'kernel_constraint': None, 'recurrent_constraint': None, 'bias_constraint': None, 'dropout': 0.0, 'recurrent_dropout': 0.0, 'implementation': 2}, 'registered_name': None}, 'merge_mode': 'concat'}, 'registered_name': None, 'build_config': {'input_shape': (None, 9799, 512)}}, {'module': 'keras.layers', 'class_name': 'Dropout', 'config': {'name': 'dropout_1', 'trainable': True, 'dtype': 'float32', 'rate': 0.3, 'noise_shape': None, 'seed': None}, 'registered_name': None, 'build_config': {'input_shape': (None, 9799, 256)}}, {'module': 'keras.layers', 'class_name': 'Bidirectional', 'config': {'name': 'bidirectional_2', 'trainable': True, 'dtype': 'float32', 'layer': {'module': 'keras.layers', 'class_name': 'LSTM', 'config': {'name': 'lstm_2', 'trainable': True, 'dtype': 'float32', 'return_sequences': True, 'return_state': False, 'go_backwards': False, 'stateful': False, 'unroll': False, 'time_major': False, 'units': 128, 'activation': 'tanh', 'recurrent_activation': 'sigmoid', 'use_bias': True, 'kernel_initializer': {'module': 'keras.initializers', 'class_name': 'GlorotUniform', 'config': {'seed': None}, 'registered_name': None}, 'recurrent_initializer': {'module': 'keras.initializers', 'class_name': 'Orthogonal', 'config': {'gain': 1.0, 'seed': None}, 'registered_name': None}, 'bias_initializer': {'module': 'keras.initializers', 'class_name': 'Zeros', 'config': {}, 'registered_name': None}, 'unit_forget_bias': True, 'kernel_regularizer': None, 'recurrent_regularizer': None, 'bias_regularizer': None, 'activity_regularizer': None, 'kernel_constraint': None, 'recurrent_constraint': None, 'bias_constraint': None, 'dropout': 0.0, 'recurrent_dropout': 0.0, 'implementation': 2}, 'registered_name': None}, 'merge_mode': 'concat'}, 'registered_name': None, 'build_config': {'input_shape': (None, 9799, 256)}}, {'module': 'keras.layers', 'class_name': 'Dropout', 'config': {'name': 'dropout_2', 'trainable': True, 'dtype': 'float32', 'rate': 0.3, 'noise_shape': None, 'seed': None}, 'registered_name': None, 'build_config': {'input_shape': (None, 9799, 256)}}, {'module': 'keras.layers', 'class_name': 'Bidirectional', 'config': {'name': 'bidirectional_3', 'trainable': True, 'dtype': 'float32', 'layer': {'module': 'keras.layers', 'class_name': 'LSTM', 'config': {'name': 'lstm_3', 'trainable': True, 'dtype': 'float32', 'return_sequences': True, 'return_state': False, 'go_backwards': False, 'stateful': False, 'unroll': False, 'time_major': False, 'units': 128, 'activation': 'tanh', 'recurrent_activation': 'sigmoid', 'use_bias': True, 'kernel_initializer': {'module': 'keras.initializers', 'class_name': 'GlorotUniform', 'config': {'seed': None}, 'registered_name': None}, 'recurrent_initializer': {'module': 'keras.initializers', 'class_name': 'Orthogonal', 'config': {'gain': 1.0, 'seed': None}, 'registered_name': None}, 'bias_initializer': {'module': 'keras.initializers', 'class_name': 'Zeros', 'config': {}, 'registered_name': None}, 'unit_forget_bias': True, 'kernel_regularizer': None, 'recurrent_regularizer': None, 'bias_regularizer': None, 'activity_regularizer': None, 'kernel_constraint': None, 'recurrent_constraint': None, 'bias_constraint': None, 'dropout': 0.0, 'recurrent_dropout': 0.0, 'implementation': 2}, 'registered_name': None}, 'merge_mode': 'concat'}, 'registered_name': None, 'build_config': {'input_shape': (None, 9799, 256)}}, {'module': 'keras.layers', 'class_name': 'Dropout', 'config': {'name': 'dropout_3', 'trainable': True, 'dtype': 'float32', 'rate': 0.3, 'noise_shape': None, 'seed': None}, 'registered_name': None, 'build_config': {'input_shape': (None, 9799, 256)}}, {'module': None, 'class_name': 'AttentionLayer', 'config': {'name': 'attention_layer', 'trainable': True, 'dtype': 'float32'}, 'registered_name': 'AttentionLayer', 'build_config': {'input_shape': (None, 9799, 256)}}, {'module': 'keras.layers', 'class_name': 'Dense', 'config': {'name': 'dense', 'trainable': True, 'dtype': 'float32', 'units': 8, 'activation': 'softmax', 'use_bias': True, 'kernel_initializer': {'module': 'keras.initializers', 'class_name': 'GlorotUniform', 'config': {'seed': None}, 'registered_name': None}, 'bias_initializer': {'module': 'keras.initializers', 'class_name': 'Zeros', 'config': {}, 'registered_name': None}, 'kernel_regularizer': None, 'bias_regularizer': None, 'activity_regularizer': None, 'kernel_constraint': None, 'bias_constraint': None}, 'registered_name': None, 'build_config': {'input_shape': (None, 256)}}]}
