1 Physical GPUs, 1 Logical GPUs
Layer-level Accuracy:  0.7600349994531336
Layer-level F1 Macro Score:  0.7166405780295431

Claases :
0: Benign         1: Cavity       2: Filament Speed      3: Filament State           4: Fan Speed         5: Bed Temperature       6: Nozzle Temperature     7: Z-Profile
------------------------------------
Layer-level Confusion Matrix:
 Macro Layer-level Accuracy:  0.7600349994531336
Macro Layer-level Precision:  0.7172877003193778
Macro Layer-level Recall:  0.73353720407066
Macro Layer-level F1 Score:  0.7166405780295431
[[5937    8   13   69    9    0    9 1587]
 [   0  166    3   11    0    0    0    1]
 [   0   13  105   23    0    0    0    1]
 [  48    2   69  112    0    0    0    7]
 [   0    1    0    0  170    3    1    7]
 [   1    0    0    0    2  252    0    0]
 [   1    1    1    0    2   10  149    7]
 [ 284    0    0    0    0    0    0   58]]
Layer-level Per-Class Accuracy:  {0: 0.7779088050314465, 1: 0.9171270718232044, 2: 0.7394366197183099, 3: 0.47058823529411764, 4: 0.9340659340659341, 5: 0.9882352941176471, 6: 0.8713450292397661, 7: 0.1695906432748538}
Layer-level Per-Class Precision:  [0.9467389571041301, 0.8691099476439791, 0.5497382198952879, 0.5209302325581395, 0.9289617486338798, 0.9509433962264151, 0.9371069182389937, 0.03477218225419664]
Layer-level Per-Class Recall:  [0.7779088050314465, 0.9171270718232044, 0.7394366197183099, 0.47058823529411764, 0.9340659340659341, 0.9882352941176471, 0.8713450292397661, 0.1695906432748538]
Layer-level Per-Class F1 Score:  [0.8540602747608429, 0.8924731182795699, 0.6306306306306306, 0.49448123620309054, 0.9315068493150686, 0.9692307692307692, 0.9030303030303031, 0.05771144278606965]
******************************************************************************************************************************
Model: "sequential"
_________________________________________________________________
 Layer (type)                Output Shape              Param #   
=================================================================
 bidirectional (Bidirection  (None, 9799, 512)         548864    
 al)                                                             
                                                                 
 dropout (Dropout)           (None, 9799, 512)         0         
                                                                 
 bidirectional_1 (Bidirecti  (None, 9799, 256)         656384    
 onal)                                                           
                                                                 
 dropout_1 (Dropout)         (None, 9799, 256)         0         
                                                                 
 bidirectional_2 (Bidirecti  (None, 9799, 256)         394240    
 onal)                                                           
                                                                 
 dropout_2 (Dropout)         (None, 9799, 256)         0         
                                                                 
 bidirectional_3 (Bidirecti  (None, 9799, 256)         394240    
 onal)                                                           
                                                                 
 dropout_3 (Dropout)         (None, 9799, 256)         0         
                                                                 
 attention_layer (Attention  (None, 256)               65536     
 Layer)                                                          
                                                                 
 dense (Dense)               (None, 8)                 2056      
                                                                 
=================================================================
Total params: 2061320 (7.86 MB)
Trainable params: 2061320 (7.86 MB)
Non-trainable params: 0 (0.00 Byte)