1 Physical GPUs, 1 Logical GPUs
Layer-level Accuracy:  0.6543804003062452
Layer-level F1 Macro Score:  0.6386282209100024

Claases :
0: Benign         1: Cavity       2: Filament Speed      3: Filament State           4: Fan Speed         5: Bed Temperature       6: Nozzle Temperature     7: Z-Profile
------------------------------------
Layer-level Confusion Matrix:
 Macro Layer-level Accuracy:  0.6543804003062452
Macro Layer-level Precision:  0.6697746016336673
Macro Layer-level Recall:  0.712019438432423
Macro Layer-level F1 Score:  0.6386282209100024
[[4940   13    1    0   78    3   14 2536]
 [   0  160    2   13    0    0    6    0]
 [   0    0  185    3    0    0    1    0]
 [   0    3  217   17    0    0    0    1]
 [  11    0    0    0  164    1    0    6]
 [   1    0    0    0    0  254    0    0]
 [   6    3    0    0    0    6  152    4]
 [ 225    2    0    0    4    0    0  111]]
Layer-level Per-Class Accuracy:  {0: 0.6512854317732366, 1: 0.8839779005524862, 2: 0.9788359788359788, 3: 0.07142857142857142, 4: 0.9010989010989011, 5: 0.996078431372549, 6: 0.8888888888888888, 7: 0.32456140350877194}
Layer-level Per-Class Precision:  [0.9531159560100328, 0.8839779005524862, 0.4567901234567901, 0.5151515151515151, 0.6666666666666666, 0.9621212121212122, 0.8786127167630058, 0.0417607223476298]
Layer-level Per-Class Recall:  [0.6512854317732366, 0.8839779005524862, 0.9788359788359788, 0.07142857142857142, 0.9010989010989011, 0.996078431372549, 0.8888888888888888, 0.32456140350877194]
Layer-level Per-Class F1 Score:  [0.7738095238095237, 0.8839779005524862, 0.6228956228956228, 0.12546125461254612, 0.7663551401869159, 0.9788053949903661, 0.8837209302325582, 0.07400000000000001]
******************************************************************************************************************************
Model: "sequential"
_________________________________________________________________
 Layer (type)                Output Shape              Param #   
=================================================================
 lstm (LSTM)                 (None, 9799, 256)         275456    
                                                                 
 dropout (Dropout)           (None, 9799, 256)         0         
                                                                 
 lstm_1 (LSTM)               (None, 9799, 128)         197120    
                                                                 
 dropout_1 (Dropout)         (None, 9799, 128)         0         
                                                                 
 lstm_2 (LSTM)               (None, 9799, 128)         131584    
                                                                 
 dropout_2 (Dropout)         (None, 9799, 128)         0         
                                                                 
 lstm_3 (LSTM)               (None, 9799, 128)         131584    
                                                                 
 dropout_3 (Dropout)         (None, 9799, 128)         0         
                                                                 
 attention_layer (Attention  (None, 128)               16384     
 Layer)                                                          
                                                                 
 dense (Dense)               (None, 8)                 1032      
                                                                 
=================================================================
Total params: 753160 (2.87 MB)
Trainable params: 753160 (2.87 MB)
Non-trainable params: 0 (0.00 Byte)